-------------------------------------------------------------------------------
Test set: test.com.GoogleSearchTestNGTest
-------------------------------------------------------------------------------
Tests run: 1, Failures: 1, Errors: 0, Skipped: 0, Time elapsed: 8.429 sec <<< FAILURE!
testFacebook(test.com.GoogleSearchTestNGTest)  Time elapsed: 5.509 sec  <<< FAILURE!
org.openqa.selenium.NoSuchElementException: Cannot locate an element using id=header_block
For documentation on this error, please visit: https://www.seleniumhq.org/exceptions/no_such_element.html
Build info: version: '3.141.59', revision: 'e82be7d358', time: '2018-11-14T08:17:03'
System info: host: 'DESKTOP-F1LV6KC', ip: '10.1.10.237', os.name: 'Windows 10', os.arch: 'amd64', os.version: '10.0', java.version: '17.0.2'
Driver info: driver.version: RemoteWebDriver
	at org.openqa.selenium.remote.RemoteWebDriver.findElement(RemoteWebDriver.java:327)
	at org.openqa.selenium.remote.RemoteWebDriver.findElementById(RemoteWebDriver.java:372)
	at org.openqa.selenium.By$ById.findElement(By.java:188)
	at org.openqa.selenium.remote.RemoteWebDriver.findElement(RemoteWebDriver.java:315)
	at test.com.GoogleSearchTestNGTest.testFacebook(GoogleSearchTestNGTest.java:61)

